<?xml version="1.0" encoding="UTF-8"?>
<testng-results ignored="0" total="1" passed="1" failed="0" skipped="0">
  <reporter-output>
  </reporter-output>
  <suite started-at="2025-07-15T01:34:59 IST" name="Naukri Resume Suite" finished-at="2025-07-15T01:35:22 IST" duration-ms="22781">
    <groups>
    </groups>
    <test started-at="2025-07-15T01:34:59 IST" name="Resume Refresh Test" finished-at="2025-07-15T01:35:22 IST" duration-ms="22781">
      <class name="NaukriResumeRefresher">
        <test-method is-config="true" signature="setUp()[pri:0, instance:NaukriResumeRefresher@41e36e46]" started-at="2025-07-15T01:34:59 IST" name="setUp" finished-at="2025-07-15T01:35:00 IST" duration-ms="1232" status="PASS">
          <reporter-output>
          </reporter-output>
        </test-method> <!-- setUp -->
        <test-method signature="refreshResume()[pri:0, instance:NaukriResumeRefresher@41e36e46]" started-at="2025-07-15T01:35:00 IST" name="refreshResume" finished-at="2025-07-15T01:35:21 IST" duration-ms="21286" status="PASS">
          <reporter-output>
          </reporter-output>
        </test-method> <!-- refreshResume -->
        <test-method is-config="true" signature="tearDown()[pri:0, instance:NaukriResumeRefresher@41e36e46]" started-at="2025-07-15T01:35:21 IST" name="tearDown" finished-at="2025-07-15T01:35:22 IST" duration-ms="222" status="PASS">
          <reporter-output>
          </reporter-output>
        </test-method> <!-- tearDown -->
      </class> <!-- NaukriResumeRefresher -->
    </test> <!-- Resume Refresh Test -->
  </suite> <!-- Naukri Resume Suite -->
</testng-results>
